<?xml version="1.0" encoding="UTF-8"?>
<testsuite name="org.opentcs.kernel.KernelStateOperatingTest" tests="4" skipped="0" failures="0" errors="0" timestamp="2019-01-31T08:14:26" hostname="DGR-ZISHAN" time="1.57">
  <properties/>
  <testcase name="shouldInitializeExtensionsAndComponents" classname="org.opentcs.kernel.KernelStateOperatingTest" time="0.553"/>
  <testcase name="terminateKernelWithVehiclesAsUnavailable" classname="org.opentcs.kernel.KernelStateOperatingTest" time="0.507"/>
  <testcase name="initializeKernelWithVehiclesAsUnavailable" classname="org.opentcs.kernel.KernelStateOperatingTest" time="0.005"/>
  <testcase name="shouldTerminateExtensionsAndComponents" classname="org.opentcs.kernel.KernelStateOperatingTest" time="0.505"/>
  <system-out><![CDATA[]]></system-out>
  <system-err><![CDATA[]]></system-err>
</testsuite>
