<?xml version="1.0" encoding="UTF-8"?>
<testsuite name="org.opentcs.kernel.vehicles.StandardVehicleManagerPoolTest" tests="4" skipped="0" failures="0" errors="0" timestamp="2019-01-31T08:14:28" hostname="DGR-ZISHAN" time="0.005">
  <properties/>
  <testcase name="testThrowsNPEIfCommAdapterIsNull" classname="org.opentcs.kernel.vehicles.StandardVehicleManagerPoolTest" time="0.002"/>
  <testcase name="testThrowsNPEIfVehicleNameIsNull" classname="org.opentcs.kernel.vehicles.StandardVehicleManagerPoolTest" time="0.001"/>
  <testcase name="testThrowsExceptionForUnknownVehicleName" classname="org.opentcs.kernel.vehicles.StandardVehicleManagerPoolTest" time="0.001"/>
  <testcase name="testThrowsNPEIfDetachingNullVehicleName" classname="org.opentcs.kernel.vehicles.StandardVehicleManagerPoolTest" time="0.0"/>
  <system-out><![CDATA[]]></system-out>
  <system-err><![CDATA[]]></system-err>
</testsuite>
