<?xml version="1.0" encoding="UTF-8"?>
<testsuite name="org.opentcs.kernel.persistence.XMLFileModelPersisterTest" tests="7" skipped="2" failures="0" errors="0" timestamp="2019-01-17T06:37:04" hostname="DGR-ZISHAN" time="0.047">
  <properties/>
  <testcase name="testSaveModelShouldWriteXMLModel" classname="org.opentcs.kernel.persistence.XMLFileModelPersisterTest" time="0.021"/>
  <testcase name="shouldLoadEmptyModelIfNoModelIsSaved" classname="org.opentcs.kernel.persistence.XMLFileModelPersisterTest" time="0.011"/>
  <testcase name="shouldHaveModelAfterSavingModel" classname="org.opentcs.kernel.persistence.XMLFileModelPersisterTest" time="0.001"/>
  <testcase name="testSavedModelNameShouldBeAsSpecified" classname="org.opentcs.kernel.persistence.XMLFileModelPersisterTest" time="0.0">
    <skipped/>
  </testcase>
  <testcase name="testLoadModelShouldReadXMLModel" classname="org.opentcs.kernel.persistence.XMLFileModelPersisterTest" time="0.0">
    <skipped/>
  </testcase>
  <testcase name="shouldNotHaveModelAfterRemovingModel" classname="org.opentcs.kernel.persistence.XMLFileModelPersisterTest" time="0.006"/>
  <testcase name="testModelNameShouldNotBePresentAfterRemovingModel" classname="org.opentcs.kernel.persistence.XMLFileModelPersisterTest" time="0.005"/>
  <system-out><![CDATA[]]></system-out>
  <system-err><![CDATA[]]></system-err>
</testsuite>
