<?xml version="1.0" encoding="UTF-8"?>
<testsuite name="org.opentcs.strategies.basic.dispatching.phase.assignment.priorization.VehicleComparatorByNameTest" tests="1" skipped="0" failures="0" errors="0" timestamp="2019-01-31T07:07:32" hostname="DGR-ZISHAN" time="0.0">
  <properties/>
  <testcase name="sortsAlphabeticallyByName" classname="org.opentcs.strategies.basic.dispatching.phase.assignment.priorization.VehicleComparatorByNameTest" time="0.0"/>
  <system-out><![CDATA[]]></system-out>
  <system-err><![CDATA[]]></system-err>
</testsuite>
