<?xml version="1.0" encoding="UTF-8"?>
<testsuite name="org.opentcs.strategies.basic.dispatching.phase.assignment.priorization.CompositeVehicleComparatorTest" tests="3" skipped="0" failures="0" errors="0" timestamp="2019-01-31T07:07:32" hostname="DGR-ZISHAN" time="0.001">
  <properties/>
  <testcase name="sortsByNameEnergylevelRoutingCost" classname="org.opentcs.strategies.basic.dispatching.phase.assignment.priorization.CompositeVehicleComparatorTest" time="0.0"/>
  <testcase name="sortsByNameAndEnergylevel" classname="org.opentcs.strategies.basic.dispatching.phase.assignment.priorization.CompositeVehicleComparatorTest" time="0.001"/>
  <testcase name="sortNamesUpForOtherwiseEqualInstances" classname="org.opentcs.strategies.basic.dispatching.phase.assignment.priorization.CompositeVehicleComparatorTest" time="0.0"/>
  <system-out><![CDATA[]]></system-out>
  <system-err><![CDATA[]]></system-err>
</testsuite>
