<?xml version="1.0" encoding="UTF-8"?>
<testsuite name="org.opentcs.strategies.basic.routing.jgrapht.EdgeEvaluatorTravelTimeTest" tests="2" skipped="0" failures="0" errors="0" timestamp="2019-01-31T07:07:32" hostname="DGR-ZISHAN" time="0.0">
  <properties/>
  <testcase name="computeTravelTime" classname="org.opentcs.strategies.basic.routing.jgrapht.EdgeEvaluatorTravelTimeTest" time="0.0"/>
  <testcase name="infiniteCostsForUntraversablePaths" classname="org.opentcs.strategies.basic.routing.jgrapht.EdgeEvaluatorTravelTimeTest" time="0.0"/>
  <system-out><![CDATA[]]></system-out>
  <system-err><![CDATA[]]></system-err>
</testsuite>
