<?xml version="1.0" encoding="UTF-8"?>
<testsuite name="org.opentcs.strategies.basic.dispatching.phase.assignment.priorization.CompositeOrderComparatorTest" tests="3" skipped="0" failures="0" errors="0" timestamp="2019-01-17T06:37:32" hostname="DGR-ZISHAN" time="0.002">
  <properties/>
  <testcase name="sortsByAgeAndName" classname="org.opentcs.strategies.basic.dispatching.phase.assignment.priorization.CompositeOrderComparatorTest" time="0.001"/>
  <testcase name="sortsByAgeAndNameAndDeadline" classname="org.opentcs.strategies.basic.dispatching.phase.assignment.priorization.CompositeOrderComparatorTest" time="0.0"/>
  <testcase name="sortNamesUpForOtherwiseEqualInstances" classname="org.opentcs.strategies.basic.dispatching.phase.assignment.priorization.CompositeOrderComparatorTest" time="0.0"/>
  <system-out><![CDATA[]]></system-out>
  <system-err><![CDATA[]]></system-err>
</testsuite>
